--------------------------------------------------------------------------------
 Project integration - START (2017-11-30 14:39:08) 
--------------------------------------------------------------------------------
FE snapshot name: DCDV
BE snapshot name: PCB_Layout_Temp
Top level block: (2-1-5)
Parameters: FAConstraints,FEWin,
--------------------------------------------------------------------------------
--------------------------------------------------------------------------------
 CES synchronization - START (2017-11-30 14:39:08) 
--------------------------------------------------------------------------------

--------------------------------------------------------------------------------
 TOPOLOGY synchronization - START (2017-11-30 14:39:08) 
--------------------------------------------------------------------------------
--------------------------------------------------------------------------------
 TOPOLOGY synchronization - END (2017-11-30 14:39:08) 
--------------------------------------------------------------------------------
[Skipped][Addition] - [FE->BE] [P: CesSchemeClearRule,(Default Rule),(2-2-41)] [O: CesConstraint,BONDPAD_TO_BONDPAD,(4001-1-22)]
[Skipped][Addition] - [FE->BE] [P: CesSchemeClearRule,(Default Rule),(2-2-41)] [O: CesConstraint,BONDPAD_TO_TRACE,(4001-2-22)]
[Skipped][Addition] - [FE->BE] [P: CesSchemeClearRule,(Default Rule),(2-2-41)] [O: CesConstraint,BONDPAD_TO_PAD,(4001-3-22)]
[Skipped][Addition] - [FE->BE] [P: CesSchemeClearRule,(Default Rule),(2-2-41)] [O: CesConstraint,BONDPAD_TO_VIA,(4001-4-22)]
[Skipped][Addition] - [FE->BE] [P: CesSchemeClearRule,(Default Rule),(2-2-41)] [O: CesConstraint,BONDPAD_TO_PLANE,(4001-5-22)]
[Skipped][Addition] - [FE->BE] [P: CesSchemeClearRule,(Default Rule),(2-2-41)] [O: CesConstraint,BONDPAD_TO_SMDPAD,(4001-6-22)]
[Skipped][Addition] - [FE->BE] [P: CesLayerClearRule,CesLayerClearRule,(4-2-42)] [O: CesConstraint,BONDPAD_TO_BONDPAD,(4001-7-22)]
[Skipped][Addition] - [FE->BE] [P: CesLayerClearRule,CesLayerClearRule,(4-2-42)] [O: CesConstraint,BONDPAD_TO_TRACE,(4001-8-22)]
[Skipped][Addition] - [FE->BE] [P: CesLayerClearRule,CesLayerClearRule,(4-2-42)] [O: CesConstraint,BONDPAD_TO_PAD,(4001-9-22)]
[Skipped][Addition] - [FE->BE] [P: CesLayerClearRule,CesLayerClearRule,(4-2-42)] [O: CesConstraint,BONDPAD_TO_VIA,(4001-10-22)]
[Skipped][Addition] - [FE->BE] [P: CesLayerClearRule,CesLayerClearRule,(4-2-42)] [O: CesConstraint,BONDPAD_TO_PLANE,(4001-11-22)]
[Skipped][Addition] - [FE->BE] [P: CesLayerClearRule,CesLayerClearRule,(4-2-42)] [O: CesConstraint,BONDPAD_TO_SMDPAD,(4001-12-22)]
[Skipped][Addition] - [FE->BE] [P: CesLayerClearRule,CesLayerClearRule,(4-4-42)] [O: CesConstraint,BONDPAD_TO_BONDPAD,(4001-13-22)]
[Skipped][Addition] - [FE->BE] [P: CesLayerClearRule,CesLayerClearRule,(4-4-42)] [O: CesConstraint,BONDPAD_TO_TRACE,(4001-14-22)]
[Skipped][Addition] - [FE->BE] [P: CesLayerClearRule,CesLayerClearRule,(4-4-42)] [O: CesConstraint,BONDPAD_TO_PAD,(4001-15-22)]
[Skipped][Addition] - [FE->BE] [P: CesLayerClearRule,CesLayerClearRule,(4-4-42)] [O: CesConstraint,BONDPAD_TO_VIA,(4001-16-22)]
[Skipped][Addition] - [FE->BE] [P: CesLayerClearRule,CesLayerClearRule,(4-4-42)] [O: CesConstraint,BONDPAD_TO_PLANE,(4001-17-22)]
[Skipped][Addition] - [FE->BE] [P: CesLayerClearRule,CesLayerClearRule,(4-4-42)] [O: CesConstraint,BONDPAD_TO_SMDPAD,(4001-18-22)]
[Ok][Deletion] - [FE->BE] [P: CesLayer,TOP,(4-2-23)] [O: CesConstraint,LAYER_PROCESS,(4001-115-22)]
[Ok][Addition] - [FE->BE] [P: CesLayer,TOP,(4-2-23)] [O: CesConstraint,LAYER_PROCESS,(4001-19-22)]
[Ok][Deletion] - [FE->BE] [P: CesLayer,TOP,(4-2-23)] [O: CesConstraint,LAYER_TREATED_SIDE,(4001-116-22)]
[Ok][Addition] - [FE->BE] [P: CesLayer,TOP,(4-2-23)] [O: CesConstraint,LAYER_TREATED_SIDE,(4001-20-22)]
[Ok][Deletion] - [FE->BE] [P: CesLayer,TOP,(4-2-23)] [O: CesConstraint,LAYER_ROUGHNESS_TOP,(4001-117-22)]
[Ok][Addition] - [FE->BE] [P: CesLayer,TOP,(4-2-23)] [O: CesConstraint,LAYER_ROUGHNESS_TOP,(4001-21-22)]
[Ok][Deletion] - [FE->BE] [P: CesLayer,TOP,(4-2-23)] [O: CesConstraint,LAYER_ROUGHNESS_BOTTOM,(4001-118-22)]
[Ok][Addition] - [FE->BE] [P: CesLayer,TOP,(4-2-23)] [O: CesConstraint,LAYER_ROUGHNESS_BOTTOM,(4001-22-22)]
[Ok][Deletion] - [FE->BE] [P: CesLayer,TOP,(4-2-23)] [O: CesConstraint,LAYER_ETCH_FACTOR,(4001-119-22)]
[Ok][Addition] - [FE->BE] [P: CesLayer,TOP,(4-2-23)] [O: CesConstraint,LAYER_ETCH_FACTOR,(4001-23-22)]
[Ok][Deletion] - [FE->BE] [P: CesLayer,TOP,(4-2-23)] [O: CesConstraint,LAYER_NARROW_SIDE,(4001-120-22)]
[Ok][Addition] - [FE->BE] [P: CesLayer,TOP,(4-2-23)] [O: CesConstraint,LAYER_NARROW_SIDE,(4001-24-22)]
[Ok][Deletion] - [FE->BE] [P: CesLayer,BOTTOM,(4-4-23)] [O: CesConstraint,LAYER_PROCESS,(4001-121-22)]
[Ok][Addition] - [FE->BE] [P: CesLayer,BOTTOM,(4-4-23)] [O: CesConstraint,LAYER_PROCESS,(4001-25-22)]
[Ok][Deletion] - [FE->BE] [P: CesLayer,BOTTOM,(4-4-23)] [O: CesConstraint,LAYER_TREATED_SIDE,(4001-122-22)]
[Ok][Addition] - [FE->BE] [P: CesLayer,BOTTOM,(4-4-23)] [O: CesConstraint,LAYER_TREATED_SIDE,(4001-26-22)]
[Ok][Deletion] - [FE->BE] [P: CesLayer,BOTTOM,(4-4-23)] [O: CesConstraint,LAYER_ROUGHNESS_TOP,(4001-123-22)]
[Ok][Addition] - [FE->BE] [P: CesLayer,BOTTOM,(4-4-23)] [O: CesConstraint,LAYER_ROUGHNESS_TOP,(4001-27-22)]
[Ok][Deletion] - [FE->BE] [P: CesLayer,BOTTOM,(4-4-23)] [O: CesConstraint,LAYER_ROUGHNESS_BOTTOM,(4001-124-22)]
[Ok][Addition] - [FE->BE] [P: CesLayer,BOTTOM,(4-4-23)] [O: CesConstraint,LAYER_ROUGHNESS_BOTTOM,(4001-28-22)]
[Ok][Deletion] - [FE->BE] [P: CesLayer,BOTTOM,(4-4-23)] [O: CesConstraint,LAYER_ETCH_FACTOR,(4001-125-22)]
[Ok][Addition] - [FE->BE] [P: CesLayer,BOTTOM,(4-4-23)] [O: CesConstraint,LAYER_ETCH_FACTOR,(4001-29-22)]
[Ok][Deletion] - [FE->BE] [P: CesLayer,BOTTOM,(4-4-23)] [O: CesConstraint,LAYER_NARROW_SIDE,(4001-126-22)]
[Ok][Addition] - [FE->BE] [P: CesLayer,BOTTOM,(4-4-23)] [O: CesConstraint,LAYER_NARROW_SIDE,(4001-30-22)]
[Ok][Deletion] - [FE->BE] [P: CesSchemeClearRule,(Default Rule),(2-1-41)] [O: CesConstraint,BONDPAD_TO_BONDPAD,(4001-127-22)]
[Ok][Addition] - [FE->BE] [P: CesSchemeClearRule,(Default Rule),(2-1-41)] [O: CesConstraint,BONDPAD_TO_BONDPAD,(4001-31-22)]
[Ok][Deletion] - [FE->BE] [P: CesSchemeClearRule,(Default Rule),(2-1-41)] [O: CesConstraint,BONDPAD_TO_TRACE,(4001-128-22)]
[Ok][Addition] - [FE->BE] [P: CesSchemeClearRule,(Default Rule),(2-1-41)] [O: CesConstraint,BONDPAD_TO_TRACE,(4001-32-22)]
[Ok][Deletion] - [FE->BE] [P: CesSchemeClearRule,(Default Rule),(2-1-41)] [O: CesConstraint,BONDPAD_TO_PAD,(4001-129-22)]
[Ok][Addition] - [FE->BE] [P: CesSchemeClearRule,(Default Rule),(2-1-41)] [O: CesConstraint,BONDPAD_TO_PAD,(4001-33-22)]
[Ok][Deletion] - [FE->BE] [P: CesSchemeClearRule,(Default Rule),(2-1-41)] [O: CesConstraint,BONDPAD_TO_VIA,(4001-130-22)]
[Ok][Addition] - [FE->BE] [P: CesSchemeClearRule,(Default Rule),(2-1-41)] [O: CesConstraint,BONDPAD_TO_VIA,(4001-34-22)]
[Ok][Deletion] - [FE->BE] [P: CesSchemeClearRule,(Default Rule),(2-1-41)] [O: CesConstraint,BONDPAD_TO_PLANE,(4001-131-22)]
[Ok][Addition] - [FE->BE] [P: CesSchemeClearRule,(Default Rule),(2-1-41)] [O: CesConstraint,BONDPAD_TO_PLANE,(4001-35-22)]
[Ok][Deletion] - [FE->BE] [P: CesSchemeClearRule,(Default Rule),(2-1-41)] [O: CesConstraint,BONDPAD_TO_SMDPAD,(4001-132-22)]
[Ok][Addition] - [FE->BE] [P: CesSchemeClearRule,(Default Rule),(2-1-41)] [O: CesConstraint,BONDPAD_TO_SMDPAD,(4001-36-22)]
[Ok][Deletion] - [FE->BE] [P: CesLayerClearRule,CesLayerClearRule,(4-1-42)] [O: CesConstraint,BONDPAD_TO_BONDPAD,(4001-133-22)]
[Ok][Addition] - [FE->BE] [P: CesLayerClearRule,CesLayerClearRule,(4-1-42)] [O: CesConstraint,BONDPAD_TO_BONDPAD,(4001-37-22)]
[Ok][Deletion] - [FE->BE] [P: CesLayerClearRule,CesLayerClearRule,(4-1-42)] [O: CesConstraint,BONDPAD_TO_TRACE,(4001-134-22)]
[Ok][Addition] - [FE->BE] [P: CesLayerClearRule,CesLayerClearRule,(4-1-42)] [O: CesConstraint,BONDPAD_TO_TRACE,(4001-38-22)]
[Ok][Deletion] - [FE->BE] [P: CesLayerClearRule,CesLayerClearRule,(4-1-42)] [O: CesConstraint,BONDPAD_TO_PAD,(4001-135-22)]
[Ok][Addition] - [FE->BE] [P: CesLayerClearRule,CesLayerClearRule,(4-1-42)] [O: CesConstraint,BONDPAD_TO_PAD,(4001-39-22)]
[Ok][Deletion] - [FE->BE] [P: CesLayerClearRule,CesLayerClearRule,(4-1-42)] [O: CesConstraint,BONDPAD_TO_VIA,(4001-136-22)]
[Ok][Addition] - [FE->BE] [P: CesLayerClearRule,CesLayerClearRule,(4-1-42)] [O: CesConstraint,BONDPAD_TO_VIA,(4001-40-22)]
[Ok][Deletion] - [FE->BE] [P: CesLayerClearRule,CesLayerClearRule,(4-1-42)] [O: CesConstraint,BONDPAD_TO_PLANE,(4001-137-22)]
[Ok][Addition] - [FE->BE] [P: CesLayerClearRule,CesLayerClearRule,(4-1-42)] [O: CesConstraint,BONDPAD_TO_PLANE,(4001-41-22)]
[Ok][Deletion] - [FE->BE] [P: CesLayerClearRule,CesLayerClearRule,(4-1-42)] [O: CesConstraint,BONDPAD_TO_SMDPAD,(4001-138-22)]
[Ok][Addition] - [FE->BE] [P: CesLayerClearRule,CesLayerClearRule,(4-1-42)] [O: CesConstraint,BONDPAD_TO_SMDPAD,(4001-42-22)]
[Ok][Deletion] - [FE->BE] [P: CesLayerClearRule,CesLayerClearRule,(4-3-42)] [O: CesConstraint,BONDPAD_TO_BONDPAD,(4001-139-22)]
[Ok][Addition] - [FE->BE] [P: CesLayerClearRule,CesLayerClearRule,(4-3-42)] [O: CesConstraint,BONDPAD_TO_BONDPAD,(4001-43-22)]
[Ok][Deletion] - [FE->BE] [P: CesLayerClearRule,CesLayerClearRule,(4-3-42)] [O: CesConstraint,BONDPAD_TO_TRACE,(4001-140-22)]
[Ok][Addition] - [FE->BE] [P: CesLayerClearRule,CesLayerClearRule,(4-3-42)] [O: CesConstraint,BONDPAD_TO_TRACE,(4001-44-22)]
[Ok][Deletion] - [FE->BE] [P: CesLayerClearRule,CesLayerClearRule,(4-3-42)] [O: CesConstraint,BONDPAD_TO_PAD,(4001-141-22)]
[Ok][Addition] - [FE->BE] [P: CesLayerClearRule,CesLayerClearRule,(4-3-42)] [O: CesConstraint,BONDPAD_TO_PAD,(4001-45-22)]
[Ok][Deletion] - [FE->BE] [P: CesLayerClearRule,CesLayerClearRule,(4-3-42)] [O: CesConstraint,BONDPAD_TO_VIA,(4001-142-22)]
[Ok][Addition] - [FE->BE] [P: CesLayerClearRule,CesLayerClearRule,(4-3-42)] [O: CesConstraint,BONDPAD_TO_VIA,(4001-46-22)]
[Ok][Deletion] - [FE->BE] [P: CesLayerClearRule,CesLayerClearRule,(4-3-42)] [O: CesConstraint,BONDPAD_TO_PLANE,(4001-143-22)]
[Ok][Addition] - [FE->BE] [P: CesLayerClearRule,CesLayerClearRule,(4-3-42)] [O: CesConstraint,BONDPAD_TO_PLANE,(4001-47-22)]
[Ok][Deletion] - [FE->BE] [P: CesLayerClearRule,CesLayerClearRule,(4-3-42)] [O: CesConstraint,BONDPAD_TO_SMDPAD,(4001-144-22)]
[Ok][Addition] - [FE->BE] [P: CesLayerClearRule,CesLayerClearRule,(4-3-42)] [O: CesConstraint,BONDPAD_TO_SMDPAD,(4001-48-22)]
[Skipped][Addition] - [FE->BE] [P: CesPart,40-0272,(4072-1-53)] [O: CesConstraint,PART_TYPE,(4072-1-22)]
[Skipped][Addition] - [FE->BE] [P: CesPart,70-0065,(4072-2-53)] [O: CesConstraint,PART_TYPE,(4072-2-22)]
[Skipped][Addition] - [FE->BE] [P: CesPart,80-0056,(4072-3-53)] [O: CesConstraint,PART_TYPE,(4072-3-22)]
[Skipped][Addition] - [FE->BE] [P: CesPart,80-0010,(4072-4-53)] [O: CesConstraint,PART_TYPE,(4072-4-22)]
[Skipped][Addition] - [FE->BE] [P: CesPart,80-0021,(4072-5-53)] [O: CesConstraint,PART_TYPE,(4072-5-22)]
[Skipped][Addition] - [FE->BE] [P: CesPart,20-0038,(4072-6-53)] [O: CesConstraint,PART_TYPE,(4072-6-22)]
[Skipped][Addition] - [FE->BE] [P: CesPart,70-0058,(4072-7-53)] [O: CesConstraint,PART_TYPE,(4072-7-22)]
[Skipped][Addition] - [FE->BE] [P: CesPart,70-0023,(4072-8-53)] [O: CesConstraint,PART_TYPE,(4072-8-22)]
[Skipped][Addition] - [FE->BE] [P: CesPart,70-0014,(4072-9-53)] [O: CesConstraint,PART_TYPE,(4072-9-22)]
[Skipped][Addition] - [FE->BE] [P: CesPart,40-0287,(4072-10-53)] [O: CesConstraint,PART_TYPE,(4072-10-22)]
[Skipped][Addition] - [FE->BE] [P: CesPart,70-0086,(4072-11-53)] [O: CesConstraint,PART_TYPE,(4072-11-22)]
[Skipped][Addition] - [FE->BE] [P: CesPart,00-0122,(4072-12-53)] [O: CesConstraint,PART_TYPE,(4072-12-22)]
[Skipped][Addition] - [FE->BE] [P: CesPart,00-0122,(4072-12-53)] [O: CesConstraint,DEF_VALUE,(4072-13-22)]
[Skipped][Addition] - [FE->BE] [P: CesPart,30-0006,(4072-13-53)] [O: CesConstraint,PART_TYPE,(4072-14-22)]
[Skipped][Addition] - [FE->BE] [P: CesPart,20-0004,(4072-14-53)] [O: CesConstraint,PART_TYPE,(4072-15-22)]
[Skipped][Addition] - [FE->BE] [P: CesPart,40-0229,(4072-15-53)] [O: CesConstraint,PART_TYPE,(4072-16-22)]
[Skipped][Addition] - [FE->BE] [P: CesPart,20-0001,(4072-16-53)] [O: CesConstraint,PART_TYPE,(4072-17-22)]
[Skipped][Addition] - [FE->BE] [P: CesPart,00-0074,(4072-17-53)] [O: CesConstraint,PART_TYPE,(4072-18-22)]
[Skipped][Addition] - [FE->BE] [P: CesPart,00-0074,(4072-17-53)] [O: CesConstraint,DEF_VALUE,(4072-19-22)]
[Skipped][Addition] - [FE->BE] [P: CesPart,10-0037,(4072-18-53)] [O: CesConstraint,PART_TYPE,(4072-20-22)]
[Skipped][Addition] - [FE->BE] [P: CesPart,10-0037,(4072-18-53)] [O: CesConstraint,DEF_VALUE,(4072-21-22)]
[Skipped][Addition] - [FE->BE] [P: CesPart,00-0081,(4072-19-53)] [O: CesConstraint,PART_TYPE,(4072-22-22)]
[Skipped][Addition] - [FE->BE] [P: CesPart,00-0081,(4072-19-53)] [O: CesConstraint,DEF_VALUE,(4072-23-22)]
[Skipped][Addition] - [FE->BE] [P: CesPart,20-0067,(4072-20-53)] [O: CesConstraint,PART_TYPE,(4072-24-22)]
[Skipped][Addition] - [FE->BE] [P: CesPart,00-0098,(4072-21-53)] [O: CesConstraint,PART_TYPE,(4072-25-22)]
[Skipped][Addition] - [FE->BE] [P: CesPart,00-0098,(4072-21-53)] [O: CesConstraint,DEF_VALUE,(4072-26-22)]
[Skipped][Addition] - [FE->BE] [P: CesComp,U2,(4072-3-51)] [O: CesConstraint,PACKAGED_COMP,(4072-37-22)]
[Skipped][Addition] - [FE->BE] [P: CesPart,70-0087,(4077-1-53)] [O: CesConstraint,PART_TYPE,(4077-1-22)]
[Skipped][Addition] - [FE->BE] [P: CesPart,80-0035,(4077-3-53)] [O: CesConstraint,PART_TYPE,(4077-4-22)]
[Skipped][Addition] - [FE->BE] [P: CesPart,10-0018,(4077-4-53)] [O: CesConstraint,PART_TYPE,(4077-5-22)]
[Skipped][Addition] - [FE->BE] [P: CesPart,10-0018,(4077-4-53)] [O: CesConstraint,DEF_VALUE,(4077-6-22)]
[Skipped][Addition] - [FE->BE] [P: CesPart,70-0003,(4077-5-53)] [O: CesConstraint,PART_TYPE,(4077-7-22)]
[Skipped][Addition] - [FE->BE] [P: CesPart,81-0006,(4077-6-53)] [O: CesConstraint,PART_TYPE,(4077-8-22)]
[Skipped][Addition] - [FE->BE] [P: CesPart,10-0069,(4077-7-53)] [O: CesConstraint,PART_TYPE,(4077-9-22)]
[Skipped][Addition] - [FE->BE] [P: CesPart,10-0069,(4077-7-53)] [O: CesConstraint,DEF_VALUE,(4077-10-22)]
[Skipped][Addition] - [FE->BE] [P: CesPart,10-0112,(4077-8-53)] [O: CesConstraint,PART_TYPE,(4077-11-22)]
[Skipped][Addition] - [FE->BE] [P: CesPart,10-0112,(4077-8-53)] [O: CesConstraint,DEF_VALUE,(4077-12-22)]
[Skipped][Addition] - [FE->BE] [P: CesComp,C1,(4077-11-51)] [O: CesConstraint,DEF_VALUE,(4077-14-22)]
[Skipped][Addition] - [FE->BE] [P: CesComp,C2,(4077-12-51)] [O: CesConstraint,DEF_VALUE,(4077-15-22)]
[Skipped][Addition] - [FE->BE] [P: CesComp,C3,(4077-13-51)] [O: CesConstraint,DEF_VALUE,(4077-16-22)]
[Skipped][Addition] - [FE->BE] [P: CesComp,C4,(4077-14-51)] [O: CesConstraint,DEF_VALUE,(4077-17-22)]
[Skipped][Addition] - [FE->BE] [P: CesComp,C6,(4077-16-51)] [O: CesConstraint,DEF_VALUE,(4077-19-22)]
[Skipped][Addition] - [FE->BE] [P: CesComp,R5,(4077-21-51)] [O: CesConstraint,DEF_VALUE,(4077-24-22)]
[Skipped][Addition] - [FE->BE] [P: CesComp,R7,(4077-27-51)] [O: CesConstraint,DEF_VALUE,(4077-26-22)]
[Skipped][Addition] - [FE->BE] [P: CesComp,C7,(4077-30-51)] [O: CesConstraint,DEF_VALUE,(4077-29-22)]
[Skipped][Addition] - [FE->BE] [P: CesComp,R10,(4077-31-51)] [O: CesConstraint,DEF_VALUE,(4077-30-22)]
[Skipped][Addition] - [FE->BE] [P: CesComp,R12,(4077-35-51)] [O: CesConstraint,DEF_VALUE,(4077-32-22)]
[Skipped][Addition] - [FE->BE] [P: CesComp,C10,(4077-44-51)] [O: CesConstraint,DEF_VALUE,(4077-36-22)]
[Skipped][Addition] - [FE->BE] [P: CesComp,C11,(4077-45-51)] [O: CesConstraint,DEF_VALUE,(4077-37-22)]
[Skipped][Addition] - [FE->BE] [P: CesComp,C12,(4077-46-51)] [O: CesConstraint,DEF_VALUE,(4077-38-22)]
[Skipped][Addition] - [FE->BE] [P: CesComp,U1,(4077-1-51)] [O: CesConstraint,PACKAGED_COMP,(4077-39-22)]
[Skipped][Addition] - [FE->BE] [P: CesComp,J1,(4077-3-51)] [O: CesConstraint,PACKAGED_COMP,(4077-41-22)]
[Skipped][Addition] - [FE->BE] [P: CesComp,J2,(4077-4-51)] [O: CesConstraint,PACKAGED_COMP,(4077-42-22)]
[Skipped][Addition] - [FE->BE] [P: CesComp,J4,(4077-6-51)] [O: CesConstraint,PACKAGED_COMP,(4077-44-22)]
[Skipped][Addition] - [FE->BE] [P: CesComp,J5,(4077-7-51)] [O: CesConstraint,PACKAGED_COMP,(4077-45-22)]
[Skipped][Addition] - [FE->BE] [P: CesComp,U3,(4077-8-51)] [O: CesConstraint,PACKAGED_COMP,(4077-46-22)]
[Skipped][Addition] - [FE->BE] [P: CesComp,J6,(4077-9-51)] [O: CesConstraint,PACKAGED_COMP,(4077-47-22)]
[Skipped][Addition] - [FE->BE] [P: CesComp,C1,(4077-11-51)] [O: CesConstraint,PACKAGED_COMP,(4077-49-22)]
[Skipped][Addition] - [FE->BE] [P: CesComp,C2,(4077-12-51)] [O: CesConstraint,PACKAGED_COMP,(4077-50-22)]
[Skipped][Addition] - [FE->BE] [P: CesComp,C3,(4077-13-51)] [O: CesConstraint,PACKAGED_COMP,(4077-51-22)]
[Skipped][Addition] - [FE->BE] [P: CesComp,C4,(4077-14-51)] [O: CesConstraint,PACKAGED_COMP,(4077-52-22)]
[Skipped][Addition] - [FE->BE] [P: CesComp,C6,(4077-16-51)] [O: CesConstraint,PACKAGED_COMP,(4077-54-22)]
[Skipped][Addition] - [FE->BE] [P: CesComp,R5,(4077-21-51)] [O: CesConstraint,PACKAGED_COMP,(4077-59-22)]
[Skipped][Addition] - [FE->BE] [P: CesComp,Q1,(4077-23-51)] [O: CesConstraint,PACKAGED_COMP,(4077-61-22)]
[Skipped][Addition] - [FE->BE] [P: CesComp,D2,(4077-24-51)] [O: CesConstraint,PACKAGED_COMP,(4077-62-22)]
[Skipped][Addition] - [FE->BE] [P: CesComp,U4,(4077-25-51)] [O: CesConstraint,PACKAGED_COMP,(4077-63-22)]
[Skipped][Addition] - [FE->BE] [P: CesComp,D3,(4077-26-51)] [O: CesConstraint,PACKAGED_COMP,(4077-64-22)]
[Skipped][Addition] - [FE->BE] [P: CesComp,R7,(4077-27-51)] [O: CesConstraint,PACKAGED_COMP,(4077-65-22)]
[Skipped][Addition] - [FE->BE] [P: CesComp,C7,(4077-30-51)] [O: CesConstraint,PACKAGED_COMP,(4077-68-22)]
[Skipped][Addition] - [FE->BE] [P: CesComp,R10,(4077-31-51)] [O: CesConstraint,PACKAGED_COMP,(4077-69-22)]
[Skipped][Addition] - [FE->BE] [P: CesComp,J7,(4077-32-51)] [O: CesConstraint,PACKAGED_COMP,(4077-70-22)]
[Skipped][Addition] - [FE->BE] [P: CesComp,J8,(4077-33-51)] [O: CesConstraint,PACKAGED_COMP,(4077-71-22)]
[Skipped][Addition] - [FE->BE] [P: CesComp,R12,(4077-35-51)] [O: CesConstraint,PACKAGED_COMP,(4077-73-22)]
[Skipped][Addition] - [FE->BE] [P: CesComp,RGB_LED,(4077-36-51)] [O: CesConstraint,PACKAGED_COMP,(4077-74-22)]
[Skipped][Addition] - [FE->BE] [P: CesComp,SW1,(4077-38-51)] [O: CesConstraint,PACKAGED_COMP,(4077-76-22)]
[Skipped][Addition] - [FE->BE] [P: CesComp,J9,(4077-41-51)] [O: CesConstraint,PACKAGED_COMP,(4077-79-22)]
[Skipped][Addition] - [FE->BE] [P: CesComp,J10,(4077-42-51)] [O: CesConstraint,PACKAGED_COMP,(4077-80-22)]
[Skipped][Addition] - [FE->BE] [P: CesComp,QZ1,(4077-43-51)] [O: CesConstraint,PACKAGED_COMP,(4077-81-22)]
[Skipped][Addition] - [FE->BE] [P: CesComp,C10,(4077-44-51)] [O: CesConstraint,PACKAGED_COMP,(4077-82-22)]
[Skipped][Addition] - [FE->BE] [P: CesComp,C11,(4077-45-51)] [O: CesConstraint,PACKAGED_COMP,(4077-83-22)]
[Skipped][Addition] - [FE->BE] [P: CesComp,C12,(4077-46-51)] [O: CesConstraint,PACKAGED_COMP,(4077-84-22)]
[Skipped][Addition] - [FE->BE] [P: CesPart,10-0075,(4117-1-53)] [O: CesConstraint,PART_TYPE,(4117-1-22)]
[Skipped][Addition] - [FE->BE] [P: CesPart,10-0075,(4117-1-53)] [O: CesConstraint,DEF_VALUE,(4117-2-22)]
[Skipped][Addition] - [FE->BE] [P: CesPart,10-0060,(4117-2-53)] [O: CesConstraint,PART_TYPE,(4117-3-22)]
[Skipped][Addition] - [FE->BE] [P: CesPart,10-0060,(4117-2-53)] [O: CesConstraint,DEF_VALUE,(4117-4-22)]
[Skipped][Addition] - [FE->BE] [P: CesPart,30-0003,(4117-3-53)] [O: CesConstraint,PART_TYPE,(4117-5-22)]
[Skipped][Addition] - [FE->BE] [P: CesPart,00-1029,(4117-4-53)] [O: CesConstraint,PART_TYPE,(4117-6-22)]
[Skipped][Addition] - [FE->BE] [P: CesPart,00-1029,(4117-4-53)] [O: CesConstraint,DEF_VALUE,(4117-7-22)]
[Skipped][Addition] - [FE->BE] [P: CesComp,C5,(4117-1-51)] [O: CesConstraint,DEF_VALUE,(4117-8-22)]
[Skipped][Addition] - [FE->BE] [P: CesComp,C8,(4117-2-51)] [O: CesConstraint,DEF_VALUE,(4117-9-22)]
[Skipped][Addition] - [FE->BE] [P: CesComp,C9,(4117-3-51)] [O: CesConstraint,DEF_VALUE,(4117-10-22)]
[Skipped][Addition] - [FE->BE] [P: CesComp,C13,(4117-4-51)] [O: CesConstraint,DEF_VALUE,(4117-11-22)]
[Skipped][Addition] - [FE->BE] [P: CesComp,C14,(4117-5-51)] [O: CesConstraint,DEF_VALUE,(4117-12-22)]
[Skipped][Addition] - [FE->BE] [P: CesComp,C15,(4117-7-51)] [O: CesConstraint,DEF_VALUE,(4117-13-22)]
[Skipped][Addition] - [FE->BE] [P: CesComp,R1,(4117-8-51)] [O: CesConstraint,DEF_VALUE,(4117-14-22)]
[Skipped][Addition] - [FE->BE] [P: CesComp,C16,(4117-14-51)] [O: CesConstraint,DEF_VALUE,(4117-15-22)]
[Skipped][Addition] - [FE->BE] [P: CesComp,C17,(4117-15-51)] [O: CesConstraint,DEF_VALUE,(4117-16-22)]
[Skipped][Addition] - [FE->BE] [P: CesComp,R2,(4117-16-51)] [O: CesConstraint,DEF_VALUE,(4117-17-22)]
[Skipped][Addition] - [FE->BE] [P: CesComp,C5,(4117-1-51)] [O: CesConstraint,PACKAGED_COMP,(4117-18-22)]
[Skipped][Addition] - [FE->BE] [P: CesComp,C8,(4117-2-51)] [O: CesConstraint,PACKAGED_COMP,(4117-19-22)]
[Skipped][Addition] - [FE->BE] [P: CesComp,C9,(4117-3-51)] [O: CesConstraint,PACKAGED_COMP,(4117-20-22)]
[Skipped][Addition] - [FE->BE] [P: CesComp,C13,(4117-4-51)] [O: CesConstraint,PACKAGED_COMP,(4117-21-22)]
[Skipped][Addition] - [FE->BE] [P: CesComp,C14,(4117-5-51)] [O: CesConstraint,PACKAGED_COMP,(4117-22-22)]
[Skipped][Addition] - [FE->BE] [P: CesComp,D1,(4117-6-51)] [O: CesConstraint,PACKAGED_COMP,(4117-23-22)]
[Skipped][Addition] - [FE->BE] [P: CesComp,C15,(4117-7-51)] [O: CesConstraint,PACKAGED_COMP,(4117-24-22)]
[Skipped][Addition] - [FE->BE] [P: CesComp,R1,(4117-8-51)] [O: CesConstraint,PACKAGED_COMP,(4117-25-22)]
[Skipped][Addition] - [FE->BE] [P: CesComp,J3,(4117-9-51)] [O: CesConstraint,PACKAGED_COMP,(4117-26-22)]
[Skipped][Addition] - [FE->BE] [P: CesComp,Q2,(4117-10-51)] [O: CesConstraint,PACKAGED_COMP,(4117-27-22)]
[Skipped][Addition] - [FE->BE] [P: CesComp,Q3,(4117-11-51)] [O: CesConstraint,PACKAGED_COMP,(4117-28-22)]
[Skipped][Addition] - [FE->BE] [P: CesComp,BZ1,(4117-12-51)] [O: CesConstraint,PACKAGED_COMP,(4117-29-22)]
[Skipped][Addition] - [FE->BE] [P: CesComp,J11,(4117-13-51)] [O: CesConstraint,PACKAGED_COMP,(4117-30-22)]
[Skipped][Addition] - [FE->BE] [P: CesComp,C16,(4117-14-51)] [O: CesConstraint,PACKAGED_COMP,(4117-31-22)]
[Skipped][Addition] - [FE->BE] [P: CesComp,C17,(4117-15-51)] [O: CesConstraint,PACKAGED_COMP,(4117-32-22)]
[Skipped][Addition] - [FE->BE] [P: CesComp,R2,(4117-16-51)] [O: CesConstraint,PACKAGED_COMP,(4117-33-22)]
[Skipped][Addition] - [FE->BE] [P: CesComp,Q4,(4124-1-51)] [O: CesConstraint,PACKAGED_COMP,(4124-9-22)]
[Skipped][Addition] - [FE->BE] [P: CesPart,01-0228,(4131-1-53)] [O: CesConstraint,PART_TYPE,(4131-1-22)]
[Skipped][Addition] - [FE->BE] [P: CesPart,01-0228,(4131-1-53)] [O: CesConstraint,DEF_VALUE,(4131-2-22)]
[Skipped][Addition] - [FE->BE] [P: CesPart,00-0055,(4131-2-53)] [O: CesConstraint,PART_TYPE,(4131-3-22)]
[Skipped][Addition] - [FE->BE] [P: CesPart,00-0055,(4131-2-53)] [O: CesConstraint,DEF_VALUE,(4131-4-22)]
[Skipped][Addition] - [FE->BE] [P: CesPart,01-0324,(4131-3-53)] [O: CesConstraint,PART_TYPE,(4131-5-22)]
[Skipped][Addition] - [FE->BE] [P: CesPart,01-0324,(4131-3-53)] [O: CesConstraint,DEF_VALUE,(4131-6-22)]
[Skipped][Addition] - [FE->BE] [P: CesComp,R3,(4131-1-51)] [O: CesConstraint,DEF_VALUE,(4131-7-22)]
[Skipped][Addition] - [FE->BE] [P: CesComp,R4,(4131-2-51)] [O: CesConstraint,DEF_VALUE,(4131-8-22)]
[Skipped][Addition] - [FE->BE] [P: CesComp,R6,(4131-3-51)] [O: CesConstraint,DEF_VALUE,(4131-9-22)]
[Skipped][Addition] - [FE->BE] [P: CesComp,R8,(4131-4-51)] [O: CesConstraint,DEF_VALUE,(4131-10-22)]
[Skipped][Addition] - [FE->BE] [P: CesComp,R3,(4131-1-51)] [O: CesConstraint,PACKAGED_COMP,(4131-11-22)]
[Skipped][Addition] - [FE->BE] [P: CesComp,R4,(4131-2-51)] [O: CesConstraint,PACKAGED_COMP,(4131-12-22)]
[Skipped][Addition] - [FE->BE] [P: CesComp,R6,(4131-3-51)] [O: CesConstraint,PACKAGED_COMP,(4131-13-22)]
[Skipped][Addition] - [FE->BE] [P: CesComp,R8,(4131-4-51)] [O: CesConstraint,PACKAGED_COMP,(4131-14-22)]
[Skipped][Addition] - [FE->BE] [P: CesComp,R9,(4143-1-51)] [O: CesConstraint,DEF_VALUE,(4143-1-22)]
[Skipped][Addition] - [FE->BE] [P: CesComp,R11,(4143-2-51)] [O: CesConstraint,DEF_VALUE,(4143-2-22)]
[Skipped][Addition] - [FE->BE] [P: CesComp,R13,(4143-3-51)] [O: CesConstraint,DEF_VALUE,(4143-3-22)]
[Skipped][Addition] - [FE->BE] [P: CesComp,R14,(4143-4-51)] [O: CesConstraint,DEF_VALUE,(4143-4-22)]
[Skipped][Addition] - [FE->BE] [P: CesComp,R15,(4143-5-51)] [O: CesConstraint,DEF_VALUE,(4143-5-22)]
[Skipped][Addition] - [FE->BE] [P: CesComp,R16,(4143-6-51)] [O: CesConstraint,DEF_VALUE,(4143-6-22)]
[Skipped][Addition] - [FE->BE] [P: CesComp,R9,(4143-1-51)] [O: CesConstraint,PACKAGED_COMP,(4143-7-22)]
[Skipped][Addition] - [FE->BE] [P: CesComp,R11,(4143-2-51)] [O: CesConstraint,PACKAGED_COMP,(4143-8-22)]
[Skipped][Addition] - [FE->BE] [P: CesComp,R13,(4143-3-51)] [O: CesConstraint,PACKAGED_COMP,(4143-9-22)]
[Skipped][Addition] - [FE->BE] [P: CesComp,R14,(4143-4-51)] [O: CesConstraint,PACKAGED_COMP,(4143-10-22)]
[Skipped][Addition] - [FE->BE] [P: CesComp,R15,(4143-5-51)] [O: CesConstraint,PACKAGED_COMP,(4143-11-22)]
[Skipped][Addition] - [FE->BE] [P: CesComp,R16,(4143-6-51)] [O: CesConstraint,PACKAGED_COMP,(4143-12-22)]
--------------------------------------------------------------------------------
 CES synchronization - END (2017-11-30 14:39:08) 
--------------------------------------------------------------------------------
--------------------------------------------------------------------------------
 Project integration - END (2017-11-30 14:39:08) 
--------------------------------------------------------------------------------
